checks/c1.py:4: error: Function is missing a type annotation  [no-untyped-def]
checks/c1.py:8: error: Call to untyped function "add" in typed context  [no-untyped-call]
checks/c1.py:11: error: Function is missing a return type annotation  [no-untyped-def]
checks/c1.py:11: error: Name "Sequence" is not defined  [name-defined]
checks/c1.py:12: error: Call to untyped function "add" in typed context  [no-untyped-call]
Found 5 errors in 1 file (checked 5 source files)
